<?xml version="1.0" encoding="UTF-8"?>
<!-- Generated by org.testng.reporters.JUnitReportReporter -->
<testsuite hostname="U0170371-TPL-C" failures="0" tests="2" name="testqa.Mavenjava.SeleniumTest" time="0.019" errors="0" timestamp="25 May 2021 21:29:16 GMT" skipped="0">
  <testcase classname="testqa.Mavenjava.SeleniumTest" name="elementsUi" time="0.001"/>
  <testcase classname="testqa.Mavenjava.SeleniumTest" name="BrowserAUtomation" time="0.018"/>
</testsuite> <!-- testqa.Mavenjava.SeleniumTest -->
