<?xml version="1.0" encoding="UTF-8"?>
<!-- Generated by org.testng.reporters.JUnitReportReporter -->
<testsuite skipped="0" hostname="U0170371-TPL-C" name="testqa.Mavenjava.AppiumTest" tests="2" failures="0" timestamp="25 May 2021 21:03:47 GMT" time="0.000" errors="0">
  <testcase name="IOSApps" time="0.000" classname="testqa.Mavenjava.AppiumTest"/>
  <testcase name="NativeAPpAndroid" time="0.000" classname="testqa.Mavenjava.AppiumTest"/>
</testsuite> <!-- testqa.Mavenjava.AppiumTest -->
