<?xml version="1.0" encoding="UTF-8"?>
<!-- Generated by org.testng.reporters.JUnitReportReporter -->
<testsuite skipped="0" hostname="U0170371-TPL-C" name="testqa.Mavenjava.RESTAPITest" tests="2" failures="0" timestamp="25 May 2021 21:06:35 GMT" time="0.001" errors="0">
  <testcase name="deleteTwitter" time="0.000" classname="testqa.Mavenjava.RESTAPITest"/>
  <testcase name="postJira" time="0.001" classname="testqa.Mavenjava.RESTAPITest"/>
</testsuite> <!-- testqa.Mavenjava.RESTAPITest -->
