<?xml version="1.0" encoding="UTF-8"?>
<!-- Generated by org.testng.reporters.JUnitReportReporter -->
<testsuite skipped="0" hostname="U0170371-TPL-C" name="testqa.Mavenjava.SeleniumTest" tests="2" failures="0" timestamp="25 May 2021 21:28:08 GMT" time="0.013" errors="0">
  <testcase name="elementsUi" time="0.000" classname="testqa.Mavenjava.SeleniumTest"/>
  <testcase name="BrowserAUtomation" time="0.013" classname="testqa.Mavenjava.SeleniumTest"/>
</testsuite> <!-- testqa.Mavenjava.SeleniumTest -->
